1.307641 104
0.000198 19
0.036763 872
0.000065 7
0.000755 8
8.895477 19
0.001932 32
0.285448 22
0.176388 41
0.527728 30
0.159394 55
0.271689 7
0.001048 126
0.000166 3
0.000605 9
0.018060 2
1.194918 1
0.288254 1
0.207630 1
0.416102 1
0.399896 1
0.223941 1
0.288125 1
0.271927 1
1.032227 1
0.063396 1
0.176296 1
0.175904 1
0.175932 1
0.208018 1
0.128039 1
0.128447 1
0.367662 1
0.383721 2
0.012381 6
2.420108 1
0.287726 1
0.136180 1
0.135848 1
0.303772 2
0.000353 104
0.000102 19
0.017838 1008
0.000073 7
0.000724 8
0.727501 19
0.001809 66
0.349608 22
0.592881 220
0.143147 44
0.335412 7
0.001077 125
0.000143 3
0.000509 8
